<?xml version="1.0" encoding="UTF-8"?>
<!-- Generated by org.testng.reporters.JUnitXMLReporter -->
<testsuite hostname="XT-JT-0243" ignored="0" name="test1" tests="11" failures="0" timestamp="25 四月 2021 08:21:57 GMT" time="143.096" errors="0">
  <testcase name="testDataProvider" time="21.022" classname="com.auto.selenium.AuthTest"/>
  <testcase name="testDataProvider" time="8.533" classname="com.auto.selenium.AuthTest"/>
  <testcase name="testDataProvider" time="8.526" classname="com.auto.selenium.AuthTest"/>
  <testcase name="testDataProvider" time="8.286" classname="com.auto.selenium.AuthTest"/>
  <testcase name="testDataProvider" time="9.584" classname="com.auto.selenium.AuthTest"/>
  <testcase name="testDataProvider" time="9.698" classname="com.auto.selenium.AuthTest"/>
  <testcase name="testDataProvider" time="21.67" classname="com.auto.selenium.AuthTest"/>
  <testcase name="testDataProvider" time="11.822" classname="com.auto.selenium.AuthTest"/>
  <testcase name="testDataProvider" time="8.351" classname="com.auto.selenium.AuthTest"/>
  <testcase name="testDataProvider" time="9.592" classname="com.auto.selenium.AuthTest"/>
  <testcase name="testDataProvider" time="9.654" classname="com.auto.selenium.AuthTest"/>
</testsuite> <!-- test1 -->
