<?xml version="1.0" encoding="UTF-8"?>
<testsuite name="test1"
           tests="11"
           failures="0"
           errors="0"
           skipped="0"
           time="126.738">
  <properties />
  
  
            <testcase name="testDataProvider" time="8.526" classname="com.auto.selenium.AuthTest" />
                <testcase name="testDataProvider" time="9.698" classname="com.auto.selenium.AuthTest" />
                <testcase name="testDataProvider" time="8.351" classname="com.auto.selenium.AuthTest" />
                <testcase name="testDataProvider" time="8.286" classname="com.auto.selenium.AuthTest" />
                <testcase name="testDataProvider" time="21.022" classname="com.auto.selenium.AuthTest" />
                <testcase name="testDataProvider" time="11.822" classname="com.auto.selenium.AuthTest" />
                <testcase name="testDataProvider" time="9.654" classname="com.auto.selenium.AuthTest" />
                <testcase name="testDataProvider" time="8.533" classname="com.auto.selenium.AuthTest" />
                <testcase name="testDataProvider" time="9.592" classname="com.auto.selenium.AuthTest" />
                <testcase name="testDataProvider" time="9.584" classname="com.auto.selenium.AuthTest" />
                <testcase name="testDataProvider" time="21.670" classname="com.auto.selenium.AuthTest" />
      
</testsuite>
