<?xml version="1.0" encoding="UTF-8"?>
<testng-results skipped="0" failed="0" ignored="0" total="11" passed="11">
  <reporter-output>
    <line>
      <![CDATA[用户[lizhi4]是否有权限访问页面[系统管理：公告管理]【/ebid/notice/notice-manager!noticeQuery.action】:true]]>
    </line>
    <line>
      <![CDATA[用户[lizhi4]是否无权限访问页面[系统管理：系统通知]【/notice/sys-notice!noticeList.action】:true]]>
    </line>
    <line>
      <![CDATA[用户[lizhi4]是否无权限访问页面[系统管理：业务通知]【/notice/info-notice!noticeList.action】:true]]>
    </line>
    <line>
      <![CDATA[用户[lizhi4]是否无权限访问页面[系统管理：成员管理]【/sys/user/user-manage!queryUserList.action】:true]]>
    </line>
    <line>
      <![CDATA[用户[lizhi4]是否无权限访问页面[系统管理：部门管理]【/sys/dept/plat-dept!goDept.action】:true]]>
    </line>
    <line>
      <![CDATA[用户[lizhi4]是否无权限访问页面[系统管理：角色管理]【/sys/rolemanage/role-manage!toShowRoleList.action】:true]]>
    </line>
    <line>
      <![CDATA[用户[lizhi4]是否无权限访问页面[系统管理：集团管理]【/sys/subcompany/subcompany!toSubcompany.action】:true]]>
    </line>
    <line>
      <![CDATA[用户[lizhi4]是否无权限访问页面[系统管理：供方同步]【/supply/sync/supply-sync!toSync.action】:true]]>
    </line>
    <line>
      <![CDATA[用户[lizhi4]是否无权限访问页面[系统管理：供方同步日志]【/supply/sync/supply-sync!toSyncUpdate.action】:true]]>
    </line>
    <line>
      <![CDATA[用户[lizhi4]是否无权限访问页面[系统管理：短信日志查询]【/delegation/delegation!toSnsPage.action】:true]]>
    </line>
    <line>
      <![CDATA[用户[lizhi4]是否无权限访问页面[系统管理：合同推送日志]【/contract/contract!toContractPushLog.action】:true]]>
    </line>
    <line>
      <![CDATA[用户[lizhi4]是否有权限访问页面[系统管理：系统通知]【/notice/sys-notice!noticeList.action】:true]]>
    </line>
    <line>
      <![CDATA[用户[lizhi4]是否无权限访问页面[系统管理：公告管理]【/ebid/notice/notice-manager!noticeQuery.action】:true]]>
    </line>
    <line>
      <![CDATA[用户[lizhi4]是否无权限访问页面[系统管理：业务通知]【/notice/info-notice!noticeList.action】:true]]>
    </line>
    <line>
      <![CDATA[用户[lizhi4]是否无权限访问页面[系统管理：成员管理]【/sys/user/user-manage!queryUserList.action】:true]]>
    </line>
    <line>
      <![CDATA[用户[lizhi4]是否无权限访问页面[系统管理：部门管理]【/sys/dept/plat-dept!goDept.action】:true]]>
    </line>
    <line>
      <![CDATA[用户[lizhi4]是否无权限访问页面[系统管理：角色管理]【/sys/rolemanage/role-manage!toShowRoleList.action】:true]]>
    </line>
    <line>
      <![CDATA[用户[lizhi4]是否无权限访问页面[系统管理：集团管理]【/sys/subcompany/subcompany!toSubcompany.action】:true]]>
    </line>
    <line>
      <![CDATA[用户[lizhi4]是否无权限访问页面[系统管理：供方同步]【/supply/sync/supply-sync!toSync.action】:true]]>
    </line>
    <line>
      <![CDATA[用户[lizhi4]是否无权限访问页面[系统管理：供方同步日志]【/supply/sync/supply-sync!toSyncUpdate.action】:true]]>
    </line>
    <line>
      <![CDATA[用户[lizhi4]是否无权限访问页面[系统管理：短信日志查询]【/delegation/delegation!toSnsPage.action】:true]]>
    </line>
    <line>
      <![CDATA[用户[lizhi4]是否无权限访问页面[系统管理：合同推送日志]【/contract/contract!toContractPushLog.action】:true]]>
    </line>
    <line>
      <![CDATA[用户[lizhi4]是否有权限访问页面[系统管理：业务通知]【/notice/info-notice!noticeList.action】:true]]>
    </line>
    <line>
      <![CDATA[用户[lizhi4]是否无权限访问页面[系统管理：公告管理]【/ebid/notice/notice-manager!noticeQuery.action】:true]]>
    </line>
    <line>
      <![CDATA[用户[lizhi4]是否无权限访问页面[系统管理：系统通知]【/notice/sys-notice!noticeList.action】:true]]>
    </line>
    <line>
      <![CDATA[用户[lizhi4]是否无权限访问页面[系统管理：成员管理]【/sys/user/user-manage!queryUserList.action】:true]]>
    </line>
    <line>
      <![CDATA[用户[lizhi4]是否无权限访问页面[系统管理：部门管理]【/sys/dept/plat-dept!goDept.action】:true]]>
    </line>
    <line>
      <![CDATA[用户[lizhi4]是否无权限访问页面[系统管理：角色管理]【/sys/rolemanage/role-manage!toShowRoleList.action】:true]]>
    </line>
    <line>
      <![CDATA[用户[lizhi4]是否无权限访问页面[系统管理：集团管理]【/sys/subcompany/subcompany!toSubcompany.action】:true]]>
    </line>
    <line>
      <![CDATA[用户[lizhi4]是否无权限访问页面[系统管理：供方同步]【/supply/sync/supply-sync!toSync.action】:true]]>
    </line>
    <line>
      <![CDATA[用户[lizhi4]是否无权限访问页面[系统管理：供方同步日志]【/supply/sync/supply-sync!toSyncUpdate.action】:true]]>
    </line>
    <line>
      <![CDATA[用户[lizhi4]是否无权限访问页面[系统管理：短信日志查询]【/delegation/delegation!toSnsPage.action】:true]]>
    </line>
    <line>
      <![CDATA[用户[lizhi4]是否无权限访问页面[系统管理：合同推送日志]【/contract/contract!toContractPushLog.action】:true]]>
    </line>
    <line>
      <![CDATA[用户[lizhi4]是否有权限访问页面[系统管理：成员管理]【/sys/user/user-manage!queryUserList.action】:true]]>
    </line>
    <line>
      <![CDATA[用户[lizhi4]是否无权限访问页面[系统管理：公告管理]【/ebid/notice/notice-manager!noticeQuery.action】:true]]>
    </line>
    <line>
      <![CDATA[用户[lizhi4]是否无权限访问页面[系统管理：系统通知]【/notice/sys-notice!noticeList.action】:true]]>
    </line>
    <line>
      <![CDATA[用户[lizhi4]是否无权限访问页面[系统管理：业务通知]【/notice/info-notice!noticeList.action】:true]]>
    </line>
    <line>
      <![CDATA[用户[lizhi4]是否无权限访问页面[系统管理：部门管理]【/sys/dept/plat-dept!goDept.action】:true]]>
    </line>
    <line>
      <![CDATA[用户[lizhi4]是否无权限访问页面[系统管理：角色管理]【/sys/rolemanage/role-manage!toShowRoleList.action】:true]]>
    </line>
    <line>
      <![CDATA[用户[lizhi4]是否无权限访问页面[系统管理：集团管理]【/sys/subcompany/subcompany!toSubcompany.action】:true]]>
    </line>
    <line>
      <![CDATA[用户[lizhi4]是否无权限访问页面[系统管理：供方同步]【/supply/sync/supply-sync!toSync.action】:true]]>
    </line>
    <line>
      <![CDATA[用户[lizhi4]是否无权限访问页面[系统管理：供方同步日志]【/supply/sync/supply-sync!toSyncUpdate.action】:true]]>
    </line>
    <line>
      <![CDATA[用户[lizhi4]是否无权限访问页面[系统管理：短信日志查询]【/delegation/delegation!toSnsPage.action】:true]]>
    </line>
    <line>
      <![CDATA[用户[lizhi4]是否无权限访问页面[系统管理：合同推送日志]【/contract/contract!toContractPushLog.action】:true]]>
    </line>
    <line>
      <![CDATA[用户[lizhi4]是否有权限访问页面[系统管理：部门管理]【/sys/dept/plat-dept!goDept.action】:true]]>
    </line>
    <line>
      <![CDATA[用户[lizhi4]是否无权限访问页面[系统管理：公告管理]【/ebid/notice/notice-manager!noticeQuery.action】:true]]>
    </line>
    <line>
      <![CDATA[用户[lizhi4]是否无权限访问页面[系统管理：系统通知]【/notice/sys-notice!noticeList.action】:true]]>
    </line>
    <line>
      <![CDATA[用户[lizhi4]是否无权限访问页面[系统管理：业务通知]【/notice/info-notice!noticeList.action】:true]]>
    </line>
    <line>
      <![CDATA[用户[lizhi4]是否无权限访问页面[系统管理：成员管理]【/sys/user/user-manage!queryUserList.action】:true]]>
    </line>
    <line>
      <![CDATA[用户[lizhi4]是否无权限访问页面[系统管理：角色管理]【/sys/rolemanage/role-manage!toShowRoleList.action】:true]]>
    </line>
    <line>
      <![CDATA[用户[lizhi4]是否无权限访问页面[系统管理：集团管理]【/sys/subcompany/subcompany!toSubcompany.action】:true]]>
    </line>
    <line>
      <![CDATA[用户[lizhi4]是否无权限访问页面[系统管理：供方同步]【/supply/sync/supply-sync!toSync.action】:true]]>
    </line>
    <line>
      <![CDATA[用户[lizhi4]是否无权限访问页面[系统管理：供方同步日志]【/supply/sync/supply-sync!toSyncUpdate.action】:true]]>
    </line>
    <line>
      <![CDATA[用户[lizhi4]是否无权限访问页面[系统管理：短信日志查询]【/delegation/delegation!toSnsPage.action】:true]]>
    </line>
    <line>
      <![CDATA[用户[lizhi4]是否无权限访问页面[系统管理：合同推送日志]【/contract/contract!toContractPushLog.action】:true]]>
    </line>
    <line>
      <![CDATA[用户[lizhi4]是否有权限访问页面[系统管理：角色管理]【/sys/rolemanage/role-manage!toShowRoleList.action】:true]]>
    </line>
    <line>
      <![CDATA[用户[lizhi4]是否无权限访问页面[系统管理：公告管理]【/ebid/notice/notice-manager!noticeQuery.action】:true]]>
    </line>
    <line>
      <![CDATA[用户[lizhi4]是否无权限访问页面[系统管理：系统通知]【/notice/sys-notice!noticeList.action】:true]]>
    </line>
    <line>
      <![CDATA[用户[lizhi4]是否无权限访问页面[系统管理：业务通知]【/notice/info-notice!noticeList.action】:true]]>
    </line>
    <line>
      <![CDATA[用户[lizhi4]是否无权限访问页面[系统管理：成员管理]【/sys/user/user-manage!queryUserList.action】:true]]>
    </line>
    <line>
      <![CDATA[用户[lizhi4]是否无权限访问页面[系统管理：部门管理]【/sys/dept/plat-dept!goDept.action】:true]]>
    </line>
    <line>
      <![CDATA[用户[lizhi4]是否无权限访问页面[系统管理：集团管理]【/sys/subcompany/subcompany!toSubcompany.action】:true]]>
    </line>
    <line>
      <![CDATA[用户[lizhi4]是否无权限访问页面[系统管理：供方同步]【/supply/sync/supply-sync!toSync.action】:true]]>
    </line>
    <line>
      <![CDATA[用户[lizhi4]是否无权限访问页面[系统管理：供方同步日志]【/supply/sync/supply-sync!toSyncUpdate.action】:true]]>
    </line>
    <line>
      <![CDATA[用户[lizhi4]是否无权限访问页面[系统管理：短信日志查询]【/delegation/delegation!toSnsPage.action】:true]]>
    </line>
    <line>
      <![CDATA[用户[lizhi4]是否无权限访问页面[系统管理：合同推送日志]【/contract/contract!toContractPushLog.action】:true]]>
    </line>
    <line>
      <![CDATA[用户[lizhi4]是否有权限访问页面[系统管理：集团管理]【/sys/subcompany/subcompany!toSubcompany.action】:true]]>
    </line>
    <line>
      <![CDATA[用户[lizhi4]是否无权限访问页面[系统管理：公告管理]【/ebid/notice/notice-manager!noticeQuery.action】:true]]>
    </line>
    <line>
      <![CDATA[用户[lizhi4]是否无权限访问页面[系统管理：系统通知]【/notice/sys-notice!noticeList.action】:true]]>
    </line>
    <line>
      <![CDATA[用户[lizhi4]是否无权限访问页面[系统管理：业务通知]【/notice/info-notice!noticeList.action】:true]]>
    </line>
    <line>
      <![CDATA[用户[lizhi4]是否无权限访问页面[系统管理：成员管理]【/sys/user/user-manage!queryUserList.action】:true]]>
    </line>
    <line>
      <![CDATA[用户[lizhi4]是否无权限访问页面[系统管理：部门管理]【/sys/dept/plat-dept!goDept.action】:true]]>
    </line>
    <line>
      <![CDATA[用户[lizhi4]是否无权限访问页面[系统管理：角色管理]【/sys/rolemanage/role-manage!toShowRoleList.action】:true]]>
    </line>
    <line>
      <![CDATA[用户[lizhi4]是否无权限访问页面[系统管理：供方同步]【/supply/sync/supply-sync!toSync.action】:true]]>
    </line>
    <line>
      <![CDATA[用户[lizhi4]是否无权限访问页面[系统管理：供方同步日志]【/supply/sync/supply-sync!toSyncUpdate.action】:true]]>
    </line>
    <line>
      <![CDATA[用户[lizhi4]是否无权限访问页面[系统管理：短信日志查询]【/delegation/delegation!toSnsPage.action】:true]]>
    </line>
    <line>
      <![CDATA[用户[lizhi4]是否无权限访问页面[系统管理：合同推送日志]【/contract/contract!toContractPushLog.action】:true]]>
    </line>
    <line>
      <![CDATA[用户[lizhi4]是否有权限访问页面[系统管理：供方同步]【/supply/sync/supply-sync!toSync.action】:true]]>
    </line>
    <line>
      <![CDATA[用户[lizhi4]是否无权限访问页面[系统管理：公告管理]【/ebid/notice/notice-manager!noticeQuery.action】:true]]>
    </line>
    <line>
      <![CDATA[用户[lizhi4]是否无权限访问页面[系统管理：系统通知]【/notice/sys-notice!noticeList.action】:true]]>
    </line>
    <line>
      <![CDATA[用户[lizhi4]是否无权限访问页面[系统管理：业务通知]【/notice/info-notice!noticeList.action】:true]]>
    </line>
    <line>
      <![CDATA[用户[lizhi4]是否无权限访问页面[系统管理：成员管理]【/sys/user/user-manage!queryUserList.action】:true]]>
    </line>
    <line>
      <![CDATA[用户[lizhi4]是否无权限访问页面[系统管理：部门管理]【/sys/dept/plat-dept!goDept.action】:true]]>
    </line>
    <line>
      <![CDATA[用户[lizhi4]是否无权限访问页面[系统管理：角色管理]【/sys/rolemanage/role-manage!toShowRoleList.action】:true]]>
    </line>
    <line>
      <![CDATA[用户[lizhi4]是否无权限访问页面[系统管理：集团管理]【/sys/subcompany/subcompany!toSubcompany.action】:true]]>
    </line>
    <line>
      <![CDATA[用户[lizhi4]是否无权限访问页面[系统管理：供方同步日志]【/supply/sync/supply-sync!toSyncUpdate.action】:true]]>
    </line>
    <line>
      <![CDATA[用户[lizhi4]是否无权限访问页面[系统管理：短信日志查询]【/delegation/delegation!toSnsPage.action】:true]]>
    </line>
    <line>
      <![CDATA[用户[lizhi4]是否无权限访问页面[系统管理：合同推送日志]【/contract/contract!toContractPushLog.action】:true]]>
    </line>
    <line>
      <![CDATA[用户[lizhi4]是否有权限访问页面[系统管理：供方同步日志]【/supply/sync/supply-sync!toSyncUpdate.action】:true]]>
    </line>
    <line>
      <![CDATA[用户[lizhi4]是否无权限访问页面[系统管理：公告管理]【/ebid/notice/notice-manager!noticeQuery.action】:true]]>
    </line>
    <line>
      <![CDATA[用户[lizhi4]是否无权限访问页面[系统管理：系统通知]【/notice/sys-notice!noticeList.action】:true]]>
    </line>
    <line>
      <![CDATA[用户[lizhi4]是否无权限访问页面[系统管理：业务通知]【/notice/info-notice!noticeList.action】:true]]>
    </line>
    <line>
      <![CDATA[用户[lizhi4]是否无权限访问页面[系统管理：成员管理]【/sys/user/user-manage!queryUserList.action】:true]]>
    </line>
    <line>
      <![CDATA[用户[lizhi4]是否无权限访问页面[系统管理：部门管理]【/sys/dept/plat-dept!goDept.action】:true]]>
    </line>
    <line>
      <![CDATA[用户[lizhi4]是否无权限访问页面[系统管理：角色管理]【/sys/rolemanage/role-manage!toShowRoleList.action】:true]]>
    </line>
    <line>
      <![CDATA[用户[lizhi4]是否无权限访问页面[系统管理：集团管理]【/sys/subcompany/subcompany!toSubcompany.action】:true]]>
    </line>
    <line>
      <![CDATA[用户[lizhi4]是否无权限访问页面[系统管理：供方同步]【/supply/sync/supply-sync!toSync.action】:true]]>
    </line>
    <line>
      <![CDATA[用户[lizhi4]是否无权限访问页面[系统管理：短信日志查询]【/delegation/delegation!toSnsPage.action】:true]]>
    </line>
    <line>
      <![CDATA[用户[lizhi4]是否无权限访问页面[系统管理：合同推送日志]【/contract/contract!toContractPushLog.action】:true]]>
    </line>
    <line>
      <![CDATA[用户[lizhi4]是否有权限访问页面[系统管理：短信日志查询]【/delegation/delegation!toSnsPage.action】:true]]>
    </line>
    <line>
      <![CDATA[用户[lizhi4]是否无权限访问页面[系统管理：公告管理]【/ebid/notice/notice-manager!noticeQuery.action】:true]]>
    </line>
    <line>
      <![CDATA[用户[lizhi4]是否无权限访问页面[系统管理：系统通知]【/notice/sys-notice!noticeList.action】:true]]>
    </line>
    <line>
      <![CDATA[用户[lizhi4]是否无权限访问页面[系统管理：业务通知]【/notice/info-notice!noticeList.action】:true]]>
    </line>
    <line>
      <![CDATA[用户[lizhi4]是否无权限访问页面[系统管理：成员管理]【/sys/user/user-manage!queryUserList.action】:true]]>
    </line>
    <line>
      <![CDATA[用户[lizhi4]是否无权限访问页面[系统管理：部门管理]【/sys/dept/plat-dept!goDept.action】:true]]>
    </line>
    <line>
      <![CDATA[用户[lizhi4]是否无权限访问页面[系统管理：角色管理]【/sys/rolemanage/role-manage!toShowRoleList.action】:true]]>
    </line>
    <line>
      <![CDATA[用户[lizhi4]是否无权限访问页面[系统管理：集团管理]【/sys/subcompany/subcompany!toSubcompany.action】:true]]>
    </line>
    <line>
      <![CDATA[用户[lizhi4]是否无权限访问页面[系统管理：供方同步]【/supply/sync/supply-sync!toSync.action】:true]]>
    </line>
    <line>
      <![CDATA[用户[lizhi4]是否无权限访问页面[系统管理：供方同步日志]【/supply/sync/supply-sync!toSyncUpdate.action】:true]]>
    </line>
    <line>
      <![CDATA[用户[lizhi4]是否无权限访问页面[系统管理：合同推送日志]【/contract/contract!toContractPushLog.action】:true]]>
    </line>
    <line>
      <![CDATA[用户[lizhi4]是否有权限访问页面[系统管理：合同推送日志]【/contract/contract!toContractPushLog.action】:true]]>
    </line>
    <line>
      <![CDATA[用户[lizhi4]是否无权限访问页面[系统管理：公告管理]【/ebid/notice/notice-manager!noticeQuery.action】:true]]>
    </line>
    <line>
      <![CDATA[用户[lizhi4]是否无权限访问页面[系统管理：系统通知]【/notice/sys-notice!noticeList.action】:true]]>
    </line>
    <line>
      <![CDATA[用户[lizhi4]是否无权限访问页面[系统管理：业务通知]【/notice/info-notice!noticeList.action】:true]]>
    </line>
    <line>
      <![CDATA[用户[lizhi4]是否无权限访问页面[系统管理：成员管理]【/sys/user/user-manage!queryUserList.action】:true]]>
    </line>
    <line>
      <![CDATA[用户[lizhi4]是否无权限访问页面[系统管理：部门管理]【/sys/dept/plat-dept!goDept.action】:true]]>
    </line>
    <line>
      <![CDATA[用户[lizhi4]是否无权限访问页面[系统管理：角色管理]【/sys/rolemanage/role-manage!toShowRoleList.action】:true]]>
    </line>
    <line>
      <![CDATA[用户[lizhi4]是否无权限访问页面[系统管理：集团管理]【/sys/subcompany/subcompany!toSubcompany.action】:true]]>
    </line>
    <line>
      <![CDATA[用户[lizhi4]是否无权限访问页面[系统管理：供方同步]【/supply/sync/supply-sync!toSync.action】:true]]>
    </line>
    <line>
      <![CDATA[用户[lizhi4]是否无权限访问页面[系统管理：供方同步日志]【/supply/sync/supply-sync!toSyncUpdate.action】:true]]>
    </line>
    <line>
      <![CDATA[用户[lizhi4]是否无权限访问页面[系统管理：短信日志查询]【/delegation/delegation!toSnsPage.action】:true]]>
    </line>
  </reporter-output>
  <suite name="Suite1" duration-ms="143096" started-at="2021-04-25T08:19:34Z" finished-at="2021-04-25T08:21:57Z">
    <groups>
    </groups>
    <test name="test1" duration-ms="143096" started-at="2021-04-25T08:19:34Z" finished-at="2021-04-25T08:21:57Z">
      <class name="com.auto.selenium.AuthTest">
        <test-method status="PASS" signature="initDriver()[pri:0, instance:com.auto.selenium.AuthTest@11438d26]" name="initDriver" is-config="true" duration-ms="4129" started-at="2021-04-25T16:19:34Z" finished-at="2021-04-25T16:19:38Z">
          <reporter-output>
          </reporter-output>
        </test-method> <!-- initDriver -->
        <test-method status="PASS" signature="testDataProvider(java.lang.String, java.lang.String, java.lang.String, java.lang.String, java.lang.String, java.lang.String, java.lang.String, java.lang.String, java.lang.String, java.lang.String, java.lang.String)[pri:0, instance:com.auto.selenium.AuthTest@11438d26]" name="testDataProvider" duration-ms="21022" started-at="2021-04-25T16:19:38Z" data-provider="testData" finished-at="2021-04-25T16:19:59Z">
          <params>
            <param index="0">
              <value>
                <![CDATA[1]]>
              </value>
            </param>
            <param index="1">
              <value>
                <![CDATA[系统管理：仅赋予公告管理权限，其余二级页面均不可访问]]>
              </value>
            </param>
            <param index="2">
              <value>
                <![CDATA[daixiaodan]]>
              </value>
            </param>
            <param index="3">
              <value>
                <![CDATA[123456]]>
              </value>
            </param>
            <param index="4">
              <value>
                <![CDATA[lizhi4]]>
              </value>
            </param>
            <param index="5">
              <value>
                <![CDATA[123456.0]]>
              </value>
            </param>
            <param index="6">
              <value>
                <![CDATA[cedarhdrole895080576451616768]]>
              </value>
            </param>
            <param index="7">
              <value>
                <![CDATA[[{
      "menuName":"系统管理",
      "level":"1",
      "menuCode":"M010000000",
      "link":"","title":"",
      "child":[{
            "menuName":"公告管理",
            "level":"2",
            "menuCode":"M010000001",
            "link":"/ebid/notice/notice-manager!noticeQuery.action",
            "child":[]
      }]
}]]]>
              </value>
            </param>
            <param index="8">
              <value>
                <![CDATA[[{
      "menuName":"系统管理",
      "level":"1",
      "menuCode":"M010000000",
      "title":"",
      "link":"",
      "child":[{
            "menuName":"系统通知",
            "level":"2",
            "menuCode":"M010000002",
            "title":"系统通知",
            "link":"/notice/sys-notice!noticeList.action",
            "child":[]
      },{
            "menuName":"业务通知",
            "level":"2",
            "menuCode":"M010000003",
            "title":"业务通知",
            "link":"/notice/info-notice!noticeList.action",
            "child":[]
      },{
            "menuName":"成员管理",
            "level":"2",
            "menuCode":"M010000004",
            "title":"成员管理",
            "link":"/sys/user/user-manage!queryUserList.action",
            "child":[]
      },{
            "menuName":"部门管理",
            "level":"2",
            "menuCode":"M010000005",
            "title":"部门管理",
            "link":"/sys/dept/plat-dept!goDept.action",
            "child":[]
      },{
            "menuName":"角色管理",
            "level":"2",
            "menuCode":"M010000006",
            "title":"角色管理",
            "link":"/sys/rolemanage/role-manage!toShowRoleList.action",
            "child":[]
      },{
            "menuName":"集团管理",
            "level":"2",
            "menuCode":"M010000007",
            "title":"下属公司信息",
            "link":"/sys/subcompany/subcompany!toSubcompany.action",
            "child":[]
      },{
            "menuName":"供方同步",
            "level":"2",
            "menuCode":"M010000008",
            "title":"供方同步",
            "link":"/supply/sync/supply-sync!toSync.action",
            "child":[]
      },{
            "menuName":"供方同步日志",
            "level":"2",
            "menuCode":"M010000009",
            "title":"供方同步日志",
            "link":"/supply/sync/supply-sync!toSyncUpdate.action",
            "child":[]
      },{
            "menuName":"短信日志查询",
            "level":"2",
            "menuCode":"M010000010",
            "title":"短信日志查询",
            "link":"/delegation/delegation!toSnsPage.action",
            "child":[]
      },{
            "menuName":"合同推送日志",
            "level":"2",
            "menuCode":"M010000011",
            "title":"合同推送日志",
            "link":"/contract/contract!toContractPushLog.action",
            "child":[]
      }]
}]]]>
              </value>
            </param>
            <param index="9">
              <value>
                <![CDATA[访问的页面包含menuName值]]>
              </value>
            </param>
            <param index="10">
              <value>
                <![CDATA[你没有访问该页面的权限]]>
              </value>
            </param>
          </params>
          <reporter-output>
            <line>
              <![CDATA[用户[lizhi4]是否有权限访问页面[系统管理：公告管理]【/ebid/notice/notice-manager!noticeQuery.action】:true]]>
            </line>
            <line>
              <![CDATA[用户[lizhi4]是否无权限访问页面[系统管理：系统通知]【/notice/sys-notice!noticeList.action】:true]]>
            </line>
            <line>
              <![CDATA[用户[lizhi4]是否无权限访问页面[系统管理：业务通知]【/notice/info-notice!noticeList.action】:true]]>
            </line>
            <line>
              <![CDATA[用户[lizhi4]是否无权限访问页面[系统管理：成员管理]【/sys/user/user-manage!queryUserList.action】:true]]>
            </line>
            <line>
              <![CDATA[用户[lizhi4]是否无权限访问页面[系统管理：部门管理]【/sys/dept/plat-dept!goDept.action】:true]]>
            </line>
            <line>
              <![CDATA[用户[lizhi4]是否无权限访问页面[系统管理：角色管理]【/sys/rolemanage/role-manage!toShowRoleList.action】:true]]>
            </line>
            <line>
              <![CDATA[用户[lizhi4]是否无权限访问页面[系统管理：集团管理]【/sys/subcompany/subcompany!toSubcompany.action】:true]]>
            </line>
            <line>
              <![CDATA[用户[lizhi4]是否无权限访问页面[系统管理：供方同步]【/supply/sync/supply-sync!toSync.action】:true]]>
            </line>
            <line>
              <![CDATA[用户[lizhi4]是否无权限访问页面[系统管理：供方同步日志]【/supply/sync/supply-sync!toSyncUpdate.action】:true]]>
            </line>
            <line>
              <![CDATA[用户[lizhi4]是否无权限访问页面[系统管理：短信日志查询]【/delegation/delegation!toSnsPage.action】:true]]>
            </line>
            <line>
              <![CDATA[用户[lizhi4]是否无权限访问页面[系统管理：合同推送日志]【/contract/contract!toContractPushLog.action】:true]]>
            </line>
          </reporter-output>
        </test-method> <!-- testDataProvider -->
        <test-method status="PASS" signature="logout()[pri:0, instance:com.auto.selenium.AuthTest@11438d26]" name="logout" is-config="true" duration-ms="1367" started-at="2021-04-25T16:19:59Z" finished-at="2021-04-25T16:20:01Z">
          <reporter-output>
          </reporter-output>
        </test-method> <!-- logout -->
        <test-method status="PASS" signature="testDataProvider(java.lang.String, java.lang.String, java.lang.String, java.lang.String, java.lang.String, java.lang.String, java.lang.String, java.lang.String, java.lang.String, java.lang.String, java.lang.String)[pri:0, instance:com.auto.selenium.AuthTest@11438d26]" name="testDataProvider" duration-ms="8533" started-at="2021-04-25T16:20:01Z" data-provider="testData" finished-at="2021-04-25T16:20:09Z">
          <params>
            <param index="0">
              <value>
                <![CDATA[2]]>
              </value>
            </param>
            <param index="1">
              <value>
                <![CDATA[系统管理：仅赋予系统通知权限，其余二级页面均不可访问]]>
              </value>
            </param>
            <param index="2">
              <value>
                <![CDATA[daixiaodan]]>
              </value>
            </param>
            <param index="3">
              <value>
                <![CDATA[123456]]>
              </value>
            </param>
            <param index="4">
              <value>
                <![CDATA[lizhi4]]>
              </value>
            </param>
            <param index="5">
              <value>
                <![CDATA[123456.0]]>
              </value>
            </param>
            <param index="6">
              <value>
                <![CDATA[cedarhdrole895080576451616768]]>
              </value>
            </param>
            <param index="7">
              <value>
                <![CDATA[[{
      "menuName":"系统管理",
      "level":"1",
      "menuCode":"M010000000",
      "link":"","title":"",
      "child":[{
            "menuName":"系统通知",
            "level":"2",
            "menuCode":"M010000002",
            "link":"/notice/sys-notice!noticeList.action",
            "child":[]
      }]
}]]]>
              </value>
            </param>
            <param index="8">
              <value>
                <![CDATA[[{
      "menuName":"系统管理",
      "level":"1",
      "menuCode":"M010000000",
      "title":"",
      "link":"",
      "child":[{
            "menuName":"公告管理",
            "level":"2",
            "menuCode":"M010000001",
            "title":"公告管理",
            "link":"/ebid/notice/notice-manager!noticeQuery.action",
            "child":[]
      },{
            "menuName":"业务通知",
            "level":"2",
            "menuCode":"M010000003",
            "title":"业务通知",
            "link":"/notice/info-notice!noticeList.action",
            "child":[]
      },{
            "menuName":"成员管理",
            "level":"2",
            "menuCode":"M010000004",
            "title":"成员管理",
            "link":"/sys/user/user-manage!queryUserList.action",
            "child":[]
      },{
            "menuName":"部门管理",
            "level":"2",
            "menuCode":"M010000005",
            "title":"部门管理",
            "link":"/sys/dept/plat-dept!goDept.action",
            "child":[]
      },{
            "menuName":"角色管理",
            "level":"2",
            "menuCode":"M010000006",
            "title":"角色管理",
            "link":"/sys/rolemanage/role-manage!toShowRoleList.action",
            "child":[]
      },{
            "menuName":"集团管理",
            "level":"2",
            "menuCode":"M010000007",
            "title":"下属公司信息",
            "link":"/sys/subcompany/subcompany!toSubcompany.action",
            "child":[]
      },{
            "menuName":"供方同步",
            "level":"2",
            "menuCode":"M010000008",
            "title":"供方同步",
            "link":"/supply/sync/supply-sync!toSync.action",
            "child":[]
      },{
            "menuName":"供方同步日志",
            "level":"2",
            "menuCode":"M010000009",
            "title":"供方同步日志",
            "link":"/supply/sync/supply-sync!toSyncUpdate.action",
            "child":[]
      },{
            "menuName":"短信日志查询",
            "level":"2",
            "menuCode":"M010000010",
            "title":"短信日志查询",
            "link":"/delegation/delegation!toSnsPage.action",
            "child":[]
      },{
            "menuName":"合同推送日志",
            "level":"2",
            "menuCode":"M010000011",
            "title":"合同推送日志",
            "link":"/contract/contract!toContractPushLog.action",
            "child":[]
      }]
}]]]>
              </value>
            </param>
            <param index="9">
              <value>
                <![CDATA[访问的页面包含menuName值]]>
              </value>
            </param>
            <param index="10">
              <value>
                <![CDATA[你没有访问该页面的权限]]>
              </value>
            </param>
          </params>
          <reporter-output>
            <line>
              <![CDATA[用户[lizhi4]是否有权限访问页面[系统管理：系统通知]【/notice/sys-notice!noticeList.action】:true]]>
            </line>
            <line>
              <![CDATA[用户[lizhi4]是否无权限访问页面[系统管理：公告管理]【/ebid/notice/notice-manager!noticeQuery.action】:true]]>
            </line>
            <line>
              <![CDATA[用户[lizhi4]是否无权限访问页面[系统管理：业务通知]【/notice/info-notice!noticeList.action】:true]]>
            </line>
            <line>
              <![CDATA[用户[lizhi4]是否无权限访问页面[系统管理：成员管理]【/sys/user/user-manage!queryUserList.action】:true]]>
            </line>
            <line>
              <![CDATA[用户[lizhi4]是否无权限访问页面[系统管理：部门管理]【/sys/dept/plat-dept!goDept.action】:true]]>
            </line>
            <line>
              <![CDATA[用户[lizhi4]是否无权限访问页面[系统管理：角色管理]【/sys/rolemanage/role-manage!toShowRoleList.action】:true]]>
            </line>
            <line>
              <![CDATA[用户[lizhi4]是否无权限访问页面[系统管理：集团管理]【/sys/subcompany/subcompany!toSubcompany.action】:true]]>
            </line>
            <line>
              <![CDATA[用户[lizhi4]是否无权限访问页面[系统管理：供方同步]【/supply/sync/supply-sync!toSync.action】:true]]>
            </line>
            <line>
              <![CDATA[用户[lizhi4]是否无权限访问页面[系统管理：供方同步日志]【/supply/sync/supply-sync!toSyncUpdate.action】:true]]>
            </line>
            <line>
              <![CDATA[用户[lizhi4]是否无权限访问页面[系统管理：短信日志查询]【/delegation/delegation!toSnsPage.action】:true]]>
            </line>
            <line>
              <![CDATA[用户[lizhi4]是否无权限访问页面[系统管理：合同推送日志]【/contract/contract!toContractPushLog.action】:true]]>
            </line>
          </reporter-output>
        </test-method> <!-- testDataProvider -->
        <test-method status="PASS" signature="logout()[pri:0, instance:com.auto.selenium.AuthTest@11438d26]" name="logout" is-config="true" duration-ms="824" started-at="2021-04-25T16:20:09Z" finished-at="2021-04-25T16:20:10Z">
          <reporter-output>
          </reporter-output>
        </test-method> <!-- logout -->
        <test-method status="PASS" signature="testDataProvider(java.lang.String, java.lang.String, java.lang.String, java.lang.String, java.lang.String, java.lang.String, java.lang.String, java.lang.String, java.lang.String, java.lang.String, java.lang.String)[pri:0, instance:com.auto.selenium.AuthTest@11438d26]" name="testDataProvider" duration-ms="8526" started-at="2021-04-25T16:20:10Z" data-provider="testData" finished-at="2021-04-25T16:20:19Z">
          <params>
            <param index="0">
              <value>
                <![CDATA[3]]>
              </value>
            </param>
            <param index="1">
              <value>
                <![CDATA[系统管理：仅赋予业务通知权限，其余二级页面均不可访问]]>
              </value>
            </param>
            <param index="2">
              <value>
                <![CDATA[daixiaodan]]>
              </value>
            </param>
            <param index="3">
              <value>
                <![CDATA[123457]]>
              </value>
            </param>
            <param index="4">
              <value>
                <![CDATA[lizhi4]]>
              </value>
            </param>
            <param index="5">
              <value>
                <![CDATA[123457.0]]>
              </value>
            </param>
            <param index="6">
              <value>
                <![CDATA[cedarhdrole895080576451616768]]>
              </value>
            </param>
            <param index="7">
              <value>
                <![CDATA[[{
      "menuName":"系统管理",
      "level":"1",
      "menuCode":"M010000000",
      "link":"","title":"",
      "child":[{
            "menuName":"业务通知",
            "level":"2",
            "menuCode":"M010000003",
            "title":"业务通知",
            "link":"/notice/info-notice!noticeList.action",
            "child":[]
      }]
}]
]]>
              </value>
            </param>
            <param index="8">
              <value>
                <![CDATA[[{
      "menuName":"系统管理",
      "level":"1",
      "menuCode":"M010000000",
      "title":"",
      "link":"",
      "child":[{
            "menuName":"公告管理",
            "level":"2",
            "menuCode":"M010000001",
            "title":"公告管理",
            "link":"/ebid/notice/notice-manager!noticeQuery.action",
            "child":[]
      },{
            "menuName":"系统通知",
            "level":"2",
            "menuCode":"M010000002",
            "title":"系统通知",
            "link":"/notice/sys-notice!noticeList.action",
            "child":[]
      },{
            "menuName":"成员管理",
            "level":"2",
            "menuCode":"M010000004",
            "title":"成员管理",
            "link":"/sys/user/user-manage!queryUserList.action",
            "child":[]
      },{
            "menuName":"部门管理",
            "level":"2",
            "menuCode":"M010000005",
            "title":"部门管理",
            "link":"/sys/dept/plat-dept!goDept.action",
            "child":[]
      },{
            "menuName":"角色管理",
            "level":"2",
            "menuCode":"M010000006",
            "title":"角色管理",
            "link":"/sys/rolemanage/role-manage!toShowRoleList.action",
            "child":[]
      },{
            "menuName":"集团管理",
            "level":"2",
            "menuCode":"M010000007",
            "title":"下属公司信息",
            "link":"/sys/subcompany/subcompany!toSubcompany.action",
            "child":[]
      },{
            "menuName":"供方同步",
            "level":"2",
            "menuCode":"M010000008",
            "title":"供方同步",
            "link":"/supply/sync/supply-sync!toSync.action",
            "child":[]
      },{
            "menuName":"供方同步日志",
            "level":"2",
            "menuCode":"M010000009",
            "title":"供方同步日志",
            "link":"/supply/sync/supply-sync!toSyncUpdate.action",
            "child":[]
      },{
            "menuName":"短信日志查询",
            "level":"2",
            "menuCode":"M010000010",
            "title":"短信日志查询",
            "link":"/delegation/delegation!toSnsPage.action",
            "child":[]
      },{
            "menuName":"合同推送日志",
            "level":"2",
            "menuCode":"M010000011",
            "title":"合同推送日志",
            "link":"/contract/contract!toContractPushLog.action",
            "child":[]
      }]
}]]]>
              </value>
            </param>
            <param index="9">
              <value>
                <![CDATA[访问的页面包含menuName值]]>
              </value>
            </param>
            <param index="10">
              <value>
                <![CDATA[你没有访问该页面的权限]]>
              </value>
            </param>
          </params>
          <reporter-output>
            <line>
              <![CDATA[用户[lizhi4]是否有权限访问页面[系统管理：业务通知]【/notice/info-notice!noticeList.action】:true]]>
            </line>
            <line>
              <![CDATA[用户[lizhi4]是否无权限访问页面[系统管理：公告管理]【/ebid/notice/notice-manager!noticeQuery.action】:true]]>
            </line>
            <line>
              <![CDATA[用户[lizhi4]是否无权限访问页面[系统管理：系统通知]【/notice/sys-notice!noticeList.action】:true]]>
            </line>
            <line>
              <![CDATA[用户[lizhi4]是否无权限访问页面[系统管理：成员管理]【/sys/user/user-manage!queryUserList.action】:true]]>
            </line>
            <line>
              <![CDATA[用户[lizhi4]是否无权限访问页面[系统管理：部门管理]【/sys/dept/plat-dept!goDept.action】:true]]>
            </line>
            <line>
              <![CDATA[用户[lizhi4]是否无权限访问页面[系统管理：角色管理]【/sys/rolemanage/role-manage!toShowRoleList.action】:true]]>
            </line>
            <line>
              <![CDATA[用户[lizhi4]是否无权限访问页面[系统管理：集团管理]【/sys/subcompany/subcompany!toSubcompany.action】:true]]>
            </line>
            <line>
              <![CDATA[用户[lizhi4]是否无权限访问页面[系统管理：供方同步]【/supply/sync/supply-sync!toSync.action】:true]]>
            </line>
            <line>
              <![CDATA[用户[lizhi4]是否无权限访问页面[系统管理：供方同步日志]【/supply/sync/supply-sync!toSyncUpdate.action】:true]]>
            </line>
            <line>
              <![CDATA[用户[lizhi4]是否无权限访问页面[系统管理：短信日志查询]【/delegation/delegation!toSnsPage.action】:true]]>
            </line>
            <line>
              <![CDATA[用户[lizhi4]是否无权限访问页面[系统管理：合同推送日志]【/contract/contract!toContractPushLog.action】:true]]>
            </line>
          </reporter-output>
        </test-method> <!-- testDataProvider -->
        <test-method status="PASS" signature="logout()[pri:0, instance:com.auto.selenium.AuthTest@11438d26]" name="logout" is-config="true" duration-ms="711" started-at="2021-04-25T16:20:19Z" finished-at="2021-04-25T16:20:19Z">
          <reporter-output>
          </reporter-output>
        </test-method> <!-- logout -->
        <test-method status="PASS" signature="testDataProvider(java.lang.String, java.lang.String, java.lang.String, java.lang.String, java.lang.String, java.lang.String, java.lang.String, java.lang.String, java.lang.String, java.lang.String, java.lang.String)[pri:0, instance:com.auto.selenium.AuthTest@11438d26]" name="testDataProvider" duration-ms="8286" started-at="2021-04-25T16:20:19Z" data-provider="testData" finished-at="2021-04-25T16:20:28Z">
          <params>
            <param index="0">
              <value>
                <![CDATA[4]]>
              </value>
            </param>
            <param index="1">
              <value>
                <![CDATA[系统管理：仅赋予成员管理权限，其余二级页面均不可访问]]>
              </value>
            </param>
            <param index="2">
              <value>
                <![CDATA[daixiaodan]]>
              </value>
            </param>
            <param index="3">
              <value>
                <![CDATA[123458]]>
              </value>
            </param>
            <param index="4">
              <value>
                <![CDATA[lizhi4]]>
              </value>
            </param>
            <param index="5">
              <value>
                <![CDATA[123458.0]]>
              </value>
            </param>
            <param index="6">
              <value>
                <![CDATA[cedarhdrole895080576451616768]]>
              </value>
            </param>
            <param index="7">
              <value>
                <![CDATA[[{
      "menuName":"系统管理",
      "level":"1",
      "menuCode":"M010000000",
      "link":"","title":"",
      "child":[{
            "menuName":"成员管理",
            "level":"2",
            "menuCode":"M010000004",
            "title":"成员管理",
            "link":"/sys/user/user-manage!queryUserList.action",
            "child":[]
      }]
}]]]>
              </value>
            </param>
            <param index="8">
              <value>
                <![CDATA[[{
      "menuName":"系统管理",
      "level":"1",
      "menuCode":"M010000000",
      "title":"",
      "link":"",
      "child":[{
            "menuName":"公告管理",
            "level":"2",
            "menuCode":"M010000001",
            "title":"公告管理",
            "link":"/ebid/notice/notice-manager!noticeQuery.action",
            "child":[]
      },{
            "menuName":"系统通知",
            "level":"2",
            "menuCode":"M010000002",
            "title":"系统通知",
            "link":"/notice/sys-notice!noticeList.action",
            "child":[]
      },{
            "menuName":"业务通知",
            "level":"2",
            "menuCode":"M010000003",
            "title":"业务通知",
            "link":"/notice/info-notice!noticeList.action",
            "child":[]
      },{
            "menuName":"部门管理",
            "level":"2",
            "menuCode":"M010000005",
            "title":"部门管理",
            "link":"/sys/dept/plat-dept!goDept.action",
            "child":[]
      },{
            "menuName":"角色管理",
            "level":"2",
            "menuCode":"M010000006",
            "title":"角色管理",
            "link":"/sys/rolemanage/role-manage!toShowRoleList.action",
            "child":[]
      },{
            "menuName":"集团管理",
            "level":"2",
            "menuCode":"M010000007",
            "title":"下属公司信息",
            "link":"/sys/subcompany/subcompany!toSubcompany.action",
            "child":[]
      },{
            "menuName":"供方同步",
            "level":"2",
            "menuCode":"M010000008",
            "title":"供方同步",
            "link":"/supply/sync/supply-sync!toSync.action",
            "child":[]
      },{
            "menuName":"供方同步日志",
            "level":"2",
            "menuCode":"M010000009",
            "title":"供方同步日志",
            "link":"/supply/sync/supply-sync!toSyncUpdate.action",
            "child":[]
      },{
            "menuName":"短信日志查询",
            "level":"2",
            "menuCode":"M010000010",
            "title":"短信日志查询",
            "link":"/delegation/delegation!toSnsPage.action",
            "child":[]
      },{
            "menuName":"合同推送日志",
            "level":"2",
            "menuCode":"M010000011",
            "title":"合同推送日志",
            "link":"/contract/contract!toContractPushLog.action",
            "child":[]
      }]
}]]]>
              </value>
            </param>
            <param index="9">
              <value>
                <![CDATA[访问的页面包含menuName值]]>
              </value>
            </param>
            <param index="10">
              <value>
                <![CDATA[你没有访问该页面的权限]]>
              </value>
            </param>
          </params>
          <reporter-output>
            <line>
              <![CDATA[用户[lizhi4]是否有权限访问页面[系统管理：成员管理]【/sys/user/user-manage!queryUserList.action】:true]]>
            </line>
            <line>
              <![CDATA[用户[lizhi4]是否无权限访问页面[系统管理：公告管理]【/ebid/notice/notice-manager!noticeQuery.action】:true]]>
            </line>
            <line>
              <![CDATA[用户[lizhi4]是否无权限访问页面[系统管理：系统通知]【/notice/sys-notice!noticeList.action】:true]]>
            </line>
            <line>
              <![CDATA[用户[lizhi4]是否无权限访问页面[系统管理：业务通知]【/notice/info-notice!noticeList.action】:true]]>
            </line>
            <line>
              <![CDATA[用户[lizhi4]是否无权限访问页面[系统管理：部门管理]【/sys/dept/plat-dept!goDept.action】:true]]>
            </line>
            <line>
              <![CDATA[用户[lizhi4]是否无权限访问页面[系统管理：角色管理]【/sys/rolemanage/role-manage!toShowRoleList.action】:true]]>
            </line>
            <line>
              <![CDATA[用户[lizhi4]是否无权限访问页面[系统管理：集团管理]【/sys/subcompany/subcompany!toSubcompany.action】:true]]>
            </line>
            <line>
              <![CDATA[用户[lizhi4]是否无权限访问页面[系统管理：供方同步]【/supply/sync/supply-sync!toSync.action】:true]]>
            </line>
            <line>
              <![CDATA[用户[lizhi4]是否无权限访问页面[系统管理：供方同步日志]【/supply/sync/supply-sync!toSyncUpdate.action】:true]]>
            </line>
            <line>
              <![CDATA[用户[lizhi4]是否无权限访问页面[系统管理：短信日志查询]【/delegation/delegation!toSnsPage.action】:true]]>
            </line>
            <line>
              <![CDATA[用户[lizhi4]是否无权限访问页面[系统管理：合同推送日志]【/contract/contract!toContractPushLog.action】:true]]>
            </line>
          </reporter-output>
        </test-method> <!-- testDataProvider -->
        <test-method status="PASS" signature="logout()[pri:0, instance:com.auto.selenium.AuthTest@11438d26]" name="logout" is-config="true" duration-ms="640" started-at="2021-04-25T16:20:28Z" finished-at="2021-04-25T16:20:28Z">
          <reporter-output>
          </reporter-output>
        </test-method> <!-- logout -->
        <test-method status="PASS" signature="testDataProvider(java.lang.String, java.lang.String, java.lang.String, java.lang.String, java.lang.String, java.lang.String, java.lang.String, java.lang.String, java.lang.String, java.lang.String, java.lang.String)[pri:0, instance:com.auto.selenium.AuthTest@11438d26]" name="testDataProvider" duration-ms="9584" started-at="2021-04-25T16:20:28Z" data-provider="testData" finished-at="2021-04-25T16:20:38Z">
          <params>
            <param index="0">
              <value>
                <![CDATA[5]]>
              </value>
            </param>
            <param index="1">
              <value>
                <![CDATA[系统管理：仅赋予部门管理权限，其余二级页面均不可访问]]>
              </value>
            </param>
            <param index="2">
              <value>
                <![CDATA[daixiaodan]]>
              </value>
            </param>
            <param index="3">
              <value>
                <![CDATA[123459]]>
              </value>
            </param>
            <param index="4">
              <value>
                <![CDATA[lizhi4]]>
              </value>
            </param>
            <param index="5">
              <value>
                <![CDATA[123459.0]]>
              </value>
            </param>
            <param index="6">
              <value>
                <![CDATA[cedarhdrole895080576451616768]]>
              </value>
            </param>
            <param index="7">
              <value>
                <![CDATA[[{
      "menuName":"系统管理",
      "level":"1",
      "menuCode":"M010000000",
      "link":"","title":"",
      "child":[{
            "menuName":"部门管理",
            "level":"2",
            "menuCode":"M010000005",
            "title":"部门管理",
            "link":"/sys/dept/plat-dept!goDept.action",
            "child":[]
      }]
}]

]]>
              </value>
            </param>
            <param index="8">
              <value>
                <![CDATA[[{
      "menuName":"系统管理",
      "level":"1",
      "menuCode":"M010000000",
      "title":"",
      "link":"",
      "child":[{
            "menuName":"公告管理",
            "level":"2",
            "menuCode":"M010000001",
            "title":"公告管理",
            "link":"/ebid/notice/notice-manager!noticeQuery.action",
            "child":[]
      },{
            "menuName":"系统通知",
            "level":"2",
            "menuCode":"M010000002",
            "title":"系统通知",
            "link":"/notice/sys-notice!noticeList.action",
            "child":[]
      },{
            "menuName":"业务通知",
            "level":"2",
            "menuCode":"M010000003",
            "title":"业务通知",
            "link":"/notice/info-notice!noticeList.action",
            "child":[]
      },{
            "menuName":"成员管理",
            "level":"2",
            "menuCode":"M010000004",
            "title":"成员管理",
            "link":"/sys/user/user-manage!queryUserList.action",
            "child":[]
      },{
            "menuName":"角色管理",
            "level":"2",
            "menuCode":"M010000006",
            "title":"角色管理",
            "link":"/sys/rolemanage/role-manage!toShowRoleList.action",
            "child":[]
      },{
            "menuName":"集团管理",
            "level":"2",
            "menuCode":"M010000007",
            "title":"下属公司信息",
            "link":"/sys/subcompany/subcompany!toSubcompany.action",
            "child":[]
      },{
            "menuName":"供方同步",
            "level":"2",
            "menuCode":"M010000008",
            "title":"供方同步",
            "link":"/supply/sync/supply-sync!toSync.action",
            "child":[]
      },{
            "menuName":"供方同步日志",
            "level":"2",
            "menuCode":"M010000009",
            "title":"供方同步日志",
            "link":"/supply/sync/supply-sync!toSyncUpdate.action",
            "child":[]
      },{
            "menuName":"短信日志查询",
            "level":"2",
            "menuCode":"M010000010",
            "title":"短信日志查询",
            "link":"/delegation/delegation!toSnsPage.action",
            "child":[]
      },{
            "menuName":"合同推送日志",
            "level":"2",
            "menuCode":"M010000011",
            "title":"合同推送日志",
            "link":"/contract/contract!toContractPushLog.action",
            "child":[]
      }]
}]]]>
              </value>
            </param>
            <param index="9">
              <value>
                <![CDATA[访问的页面包含menuName值]]>
              </value>
            </param>
            <param index="10">
              <value>
                <![CDATA[你没有访问该页面的权限]]>
              </value>
            </param>
          </params>
          <reporter-output>
            <line>
              <![CDATA[用户[lizhi4]是否有权限访问页面[系统管理：部门管理]【/sys/dept/plat-dept!goDept.action】:true]]>
            </line>
            <line>
              <![CDATA[用户[lizhi4]是否无权限访问页面[系统管理：公告管理]【/ebid/notice/notice-manager!noticeQuery.action】:true]]>
            </line>
            <line>
              <![CDATA[用户[lizhi4]是否无权限访问页面[系统管理：系统通知]【/notice/sys-notice!noticeList.action】:true]]>
            </line>
            <line>
              <![CDATA[用户[lizhi4]是否无权限访问页面[系统管理：业务通知]【/notice/info-notice!noticeList.action】:true]]>
            </line>
            <line>
              <![CDATA[用户[lizhi4]是否无权限访问页面[系统管理：成员管理]【/sys/user/user-manage!queryUserList.action】:true]]>
            </line>
            <line>
              <![CDATA[用户[lizhi4]是否无权限访问页面[系统管理：角色管理]【/sys/rolemanage/role-manage!toShowRoleList.action】:true]]>
            </line>
            <line>
              <![CDATA[用户[lizhi4]是否无权限访问页面[系统管理：集团管理]【/sys/subcompany/subcompany!toSubcompany.action】:true]]>
            </line>
            <line>
              <![CDATA[用户[lizhi4]是否无权限访问页面[系统管理：供方同步]【/supply/sync/supply-sync!toSync.action】:true]]>
            </line>
            <line>
              <![CDATA[用户[lizhi4]是否无权限访问页面[系统管理：供方同步日志]【/supply/sync/supply-sync!toSyncUpdate.action】:true]]>
            </line>
            <line>
              <![CDATA[用户[lizhi4]是否无权限访问页面[系统管理：短信日志查询]【/delegation/delegation!toSnsPage.action】:true]]>
            </line>
            <line>
              <![CDATA[用户[lizhi4]是否无权限访问页面[系统管理：合同推送日志]【/contract/contract!toContractPushLog.action】:true]]>
            </line>
          </reporter-output>
        </test-method> <!-- testDataProvider -->
        <test-method status="PASS" signature="logout()[pri:0, instance:com.auto.selenium.AuthTest@11438d26]" name="logout" is-config="true" duration-ms="734" started-at="2021-04-25T16:20:38Z" finished-at="2021-04-25T16:20:39Z">
          <reporter-output>
          </reporter-output>
        </test-method> <!-- logout -->
        <test-method status="PASS" signature="testDataProvider(java.lang.String, java.lang.String, java.lang.String, java.lang.String, java.lang.String, java.lang.String, java.lang.String, java.lang.String, java.lang.String, java.lang.String, java.lang.String)[pri:0, instance:com.auto.selenium.AuthTest@11438d26]" name="testDataProvider" duration-ms="9698" started-at="2021-04-25T16:20:39Z" data-provider="testData" finished-at="2021-04-25T16:20:48Z">
          <params>
            <param index="0">
              <value>
                <![CDATA[6]]>
              </value>
            </param>
            <param index="1">
              <value>
                <![CDATA[系统管理：仅赋予角色管理权限，其余二级页面均不可访问]]>
              </value>
            </param>
            <param index="2">
              <value>
                <![CDATA[daixiaodan]]>
              </value>
            </param>
            <param index="3">
              <value>
                <![CDATA[123460]]>
              </value>
            </param>
            <param index="4">
              <value>
                <![CDATA[lizhi4]]>
              </value>
            </param>
            <param index="5">
              <value>
                <![CDATA[123460.0]]>
              </value>
            </param>
            <param index="6">
              <value>
                <![CDATA[cedarhdrole895080576451616768]]>
              </value>
            </param>
            <param index="7">
              <value>
                <![CDATA[[{
      "menuName":"系统管理",
      "level":"1",
      "menuCode":"M010000000",
      "link":"","title":"",
      "child":[{
            "menuName":"角色管理",
            "level":"2",
            "menuCode":"M010000006",
            "title":"角色管理",
            "link":"/sys/rolemanage/role-manage!toShowRoleList.action",
            "child":[]
      }]
}]]]>
              </value>
            </param>
            <param index="8">
              <value>
                <![CDATA[[{
      "menuName":"系统管理",
      "level":"1",
      "menuCode":"M010000000",
      "title":"",
      "link":"",
      "child":[{
            "menuName":"公告管理",
            "level":"2",
            "menuCode":"M010000001",
            "title":"公告管理",
            "link":"/ebid/notice/notice-manager!noticeQuery.action",
            "child":[]
      },{
            "menuName":"系统通知",
            "level":"2",
            "menuCode":"M010000002",
            "title":"系统通知",
            "link":"/notice/sys-notice!noticeList.action",
            "child":[]
      },{
            "menuName":"业务通知",
            "level":"2",
            "menuCode":"M010000003",
            "title":"业务通知",
            "link":"/notice/info-notice!noticeList.action",
            "child":[]
      },{
            "menuName":"成员管理",
            "level":"2",
            "menuCode":"M010000004",
            "title":"成员管理",
            "link":"/sys/user/user-manage!queryUserList.action",
            "child":[]
      },{
            "menuName":"部门管理",
            "level":"2",
            "menuCode":"M010000005",
            "title":"部门管理",
            "link":"/sys/dept/plat-dept!goDept.action",
            "child":[]
      },{
            "menuName":"集团管理",
            "level":"2",
            "menuCode":"M010000007",
            "title":"下属公司信息",
            "link":"/sys/subcompany/subcompany!toSubcompany.action",
            "child":[]
      },{
            "menuName":"供方同步",
            "level":"2",
            "menuCode":"M010000008",
            "title":"供方同步",
            "link":"/supply/sync/supply-sync!toSync.action",
            "child":[]
      },{
            "menuName":"供方同步日志",
            "level":"2",
            "menuCode":"M010000009",
            "title":"供方同步日志",
            "link":"/supply/sync/supply-sync!toSyncUpdate.action",
            "child":[]
      },{
            "menuName":"短信日志查询",
            "level":"2",
            "menuCode":"M010000010",
            "title":"短信日志查询",
            "link":"/delegation/delegation!toSnsPage.action",
            "child":[]
      },{
            "menuName":"合同推送日志",
            "level":"2",
            "menuCode":"M010000011",
            "title":"合同推送日志",
            "link":"/contract/contract!toContractPushLog.action",
            "child":[]
      }]
}]]]>
              </value>
            </param>
            <param index="9">
              <value>
                <![CDATA[访问的页面包含menuName值]]>
              </value>
            </param>
            <param index="10">
              <value>
                <![CDATA[你没有访问该页面的权限]]>
              </value>
            </param>
          </params>
          <reporter-output>
            <line>
              <![CDATA[用户[lizhi4]是否有权限访问页面[系统管理：角色管理]【/sys/rolemanage/role-manage!toShowRoleList.action】:true]]>
            </line>
            <line>
              <![CDATA[用户[lizhi4]是否无权限访问页面[系统管理：公告管理]【/ebid/notice/notice-manager!noticeQuery.action】:true]]>
            </line>
            <line>
              <![CDATA[用户[lizhi4]是否无权限访问页面[系统管理：系统通知]【/notice/sys-notice!noticeList.action】:true]]>
            </line>
            <line>
              <![CDATA[用户[lizhi4]是否无权限访问页面[系统管理：业务通知]【/notice/info-notice!noticeList.action】:true]]>
            </line>
            <line>
              <![CDATA[用户[lizhi4]是否无权限访问页面[系统管理：成员管理]【/sys/user/user-manage!queryUserList.action】:true]]>
            </line>
            <line>
              <![CDATA[用户[lizhi4]是否无权限访问页面[系统管理：部门管理]【/sys/dept/plat-dept!goDept.action】:true]]>
            </line>
            <line>
              <![CDATA[用户[lizhi4]是否无权限访问页面[系统管理：集团管理]【/sys/subcompany/subcompany!toSubcompany.action】:true]]>
            </line>
            <line>
              <![CDATA[用户[lizhi4]是否无权限访问页面[系统管理：供方同步]【/supply/sync/supply-sync!toSync.action】:true]]>
            </line>
            <line>
              <![CDATA[用户[lizhi4]是否无权限访问页面[系统管理：供方同步日志]【/supply/sync/supply-sync!toSyncUpdate.action】:true]]>
            </line>
            <line>
              <![CDATA[用户[lizhi4]是否无权限访问页面[系统管理：短信日志查询]【/delegation/delegation!toSnsPage.action】:true]]>
            </line>
            <line>
              <![CDATA[用户[lizhi4]是否无权限访问页面[系统管理：合同推送日志]【/contract/contract!toContractPushLog.action】:true]]>
            </line>
          </reporter-output>
        </test-method> <!-- testDataProvider -->
        <test-method status="PASS" signature="logout()[pri:0, instance:com.auto.selenium.AuthTest@11438d26]" name="logout" is-config="true" duration-ms="813" started-at="2021-04-25T16:20:48Z" finished-at="2021-04-25T16:20:49Z">
          <reporter-output>
          </reporter-output>
        </test-method> <!-- logout -->
        <test-method status="PASS" signature="testDataProvider(java.lang.String, java.lang.String, java.lang.String, java.lang.String, java.lang.String, java.lang.String, java.lang.String, java.lang.String, java.lang.String, java.lang.String, java.lang.String)[pri:0, instance:com.auto.selenium.AuthTest@11438d26]" name="testDataProvider" duration-ms="21670" started-at="2021-04-25T16:20:49Z" data-provider="testData" finished-at="2021-04-25T16:21:11Z">
          <params>
            <param index="0">
              <value>
                <![CDATA[7]]>
              </value>
            </param>
            <param index="1">
              <value>
                <![CDATA[系统管理：仅赋予集团管理权限，其余二级页面均不可访问]]>
              </value>
            </param>
            <param index="2">
              <value>
                <![CDATA[daixiaodan]]>
              </value>
            </param>
            <param index="3">
              <value>
                <![CDATA[123461]]>
              </value>
            </param>
            <param index="4">
              <value>
                <![CDATA[lizhi4]]>
              </value>
            </param>
            <param index="5">
              <value>
                <![CDATA[123461.0]]>
              </value>
            </param>
            <param index="6">
              <value>
                <![CDATA[cedarhdrole895080576451616768]]>
              </value>
            </param>
            <param index="7">
              <value>
                <![CDATA[[{
      "menuName":"系统管理",
      "level":"1",
      "menuCode":"M010000000",
      "link":"","title":"",
      "child":[{
            "menuName":"集团管理",
            "level":"2",
            "menuCode":"M010000007",
            "title":"下属公司信息",
            "link":"/sys/subcompany/subcompany!toSubcompany.action",
            "child":[]
      }]
}]

]]>
              </value>
            </param>
            <param index="8">
              <value>
                <![CDATA[[{
      "menuName":"系统管理",
      "level":"1",
      "menuCode":"M010000000",
      "title":"",
      "link":"",
      "child":[{
            "menuName":"公告管理",
            "level":"2",
            "menuCode":"M010000001",
            "title":"公告管理",
            "link":"/ebid/notice/notice-manager!noticeQuery.action",
            "child":[]
      },{
            "menuName":"系统通知",
            "level":"2",
            "menuCode":"M010000002",
            "title":"系统通知",
            "link":"/notice/sys-notice!noticeList.action",
            "child":[]
      },{
            "menuName":"业务通知",
            "level":"2",
            "menuCode":"M010000003",
            "title":"业务通知",
            "link":"/notice/info-notice!noticeList.action",
            "child":[]
      },{
            "menuName":"成员管理",
            "level":"2",
            "menuCode":"M010000004",
            "title":"成员管理",
            "link":"/sys/user/user-manage!queryUserList.action",
            "child":[]
      },{
            "menuName":"部门管理",
            "level":"2",
            "menuCode":"M010000005",
            "title":"部门管理",
            "link":"/sys/dept/plat-dept!goDept.action",
            "child":[]
      },{
            "menuName":"角色管理",
            "level":"2",
            "menuCode":"M010000006",
            "title":"角色管理",
            "link":"/sys/rolemanage/role-manage!toShowRoleList.action",
            "child":[]
      },{
            "menuName":"供方同步",
            "level":"2",
            "menuCode":"M010000008",
            "title":"供方同步",
            "link":"/supply/sync/supply-sync!toSync.action",
            "child":[]
      },{
            "menuName":"供方同步日志",
            "level":"2",
            "menuCode":"M010000009",
            "title":"供方同步日志",
            "link":"/supply/sync/supply-sync!toSyncUpdate.action",
            "child":[]
      },{
            "menuName":"短信日志查询",
            "level":"2",
            "menuCode":"M010000010",
            "title":"短信日志查询",
            "link":"/delegation/delegation!toSnsPage.action",
            "child":[]
      },{
            "menuName":"合同推送日志",
            "level":"2",
            "menuCode":"M010000011",
            "title":"合同推送日志",
            "link":"/contract/contract!toContractPushLog.action",
            "child":[]
      }]
}]]]>
              </value>
            </param>
            <param index="9">
              <value>
                <![CDATA[访问的页面包含menuName值]]>
              </value>
            </param>
            <param index="10">
              <value>
                <![CDATA[你没有访问该页面的权限]]>
              </value>
            </param>
          </params>
          <reporter-output>
            <line>
              <![CDATA[用户[lizhi4]是否有权限访问页面[系统管理：集团管理]【/sys/subcompany/subcompany!toSubcompany.action】:true]]>
            </line>
            <line>
              <![CDATA[用户[lizhi4]是否无权限访问页面[系统管理：公告管理]【/ebid/notice/notice-manager!noticeQuery.action】:true]]>
            </line>
            <line>
              <![CDATA[用户[lizhi4]是否无权限访问页面[系统管理：系统通知]【/notice/sys-notice!noticeList.action】:true]]>
            </line>
            <line>
              <![CDATA[用户[lizhi4]是否无权限访问页面[系统管理：业务通知]【/notice/info-notice!noticeList.action】:true]]>
            </line>
            <line>
              <![CDATA[用户[lizhi4]是否无权限访问页面[系统管理：成员管理]【/sys/user/user-manage!queryUserList.action】:true]]>
            </line>
            <line>
              <![CDATA[用户[lizhi4]是否无权限访问页面[系统管理：部门管理]【/sys/dept/plat-dept!goDept.action】:true]]>
            </line>
            <line>
              <![CDATA[用户[lizhi4]是否无权限访问页面[系统管理：角色管理]【/sys/rolemanage/role-manage!toShowRoleList.action】:true]]>
            </line>
            <line>
              <![CDATA[用户[lizhi4]是否无权限访问页面[系统管理：供方同步]【/supply/sync/supply-sync!toSync.action】:true]]>
            </line>
            <line>
              <![CDATA[用户[lizhi4]是否无权限访问页面[系统管理：供方同步日志]【/supply/sync/supply-sync!toSyncUpdate.action】:true]]>
            </line>
            <line>
              <![CDATA[用户[lizhi4]是否无权限访问页面[系统管理：短信日志查询]【/delegation/delegation!toSnsPage.action】:true]]>
            </line>
            <line>
              <![CDATA[用户[lizhi4]是否无权限访问页面[系统管理：合同推送日志]【/contract/contract!toContractPushLog.action】:true]]>
            </line>
          </reporter-output>
        </test-method> <!-- testDataProvider -->
        <test-method status="PASS" signature="logout()[pri:0, instance:com.auto.selenium.AuthTest@11438d26]" name="logout" is-config="true" duration-ms="1475" started-at="2021-04-25T16:21:11Z" finished-at="2021-04-25T16:21:12Z">
          <reporter-output>
          </reporter-output>
        </test-method> <!-- logout -->
        <test-method status="PASS" signature="testDataProvider(java.lang.String, java.lang.String, java.lang.String, java.lang.String, java.lang.String, java.lang.String, java.lang.String, java.lang.String, java.lang.String, java.lang.String, java.lang.String)[pri:0, instance:com.auto.selenium.AuthTest@11438d26]" name="testDataProvider" duration-ms="11822" started-at="2021-04-25T16:21:12Z" data-provider="testData" finished-at="2021-04-25T16:21:24Z">
          <params>
            <param index="0">
              <value>
                <![CDATA[8]]>
              </value>
            </param>
            <param index="1">
              <value>
                <![CDATA[系统管理：仅赋予供方同步权限，其余二级页面均不可访问]]>
              </value>
            </param>
            <param index="2">
              <value>
                <![CDATA[daixiaodan]]>
              </value>
            </param>
            <param index="3">
              <value>
                <![CDATA[123462]]>
              </value>
            </param>
            <param index="4">
              <value>
                <![CDATA[lizhi4]]>
              </value>
            </param>
            <param index="5">
              <value>
                <![CDATA[123462.0]]>
              </value>
            </param>
            <param index="6">
              <value>
                <![CDATA[cedarhdrole895080576451616768]]>
              </value>
            </param>
            <param index="7">
              <value>
                <![CDATA[[{
      "menuName":"系统管理",
      "level":"1",
      "menuCode":"M010000000",
      "link":"","title":"",
      "child":[{
            "menuName":"供方同步",
            "level":"2",
            "menuCode":"M010000008",
            "title":"供方同步",
            "link":"/supply/sync/supply-sync!toSync.action",
            "child":[]
      }]
}]]]>
              </value>
            </param>
            <param index="8">
              <value>
                <![CDATA[[{
      "menuName":"系统管理",
      "level":"1",
      "menuCode":"M010000000",
      "title":"",
      "link":"",
      "child":[{
            "menuName":"公告管理",
            "level":"2",
            "menuCode":"M010000001",
            "title":"公告管理",
            "link":"/ebid/notice/notice-manager!noticeQuery.action",
            "child":[]
      },{
            "menuName":"系统通知",
            "level":"2",
            "menuCode":"M010000002",
            "title":"系统通知",
            "link":"/notice/sys-notice!noticeList.action",
            "child":[]
      },{
            "menuName":"业务通知",
            "level":"2",
            "menuCode":"M010000003",
            "title":"业务通知",
            "link":"/notice/info-notice!noticeList.action",
            "child":[]
      },{
            "menuName":"成员管理",
            "level":"2",
            "menuCode":"M010000004",
            "title":"成员管理",
            "link":"/sys/user/user-manage!queryUserList.action",
            "child":[]
      },{
            "menuName":"部门管理",
            "level":"2",
            "menuCode":"M010000005",
            "title":"部门管理",
            "link":"/sys/dept/plat-dept!goDept.action",
            "child":[]
      },{
            "menuName":"角色管理",
            "level":"2",
            "menuCode":"M010000006",
            "title":"角色管理",
            "link":"/sys/rolemanage/role-manage!toShowRoleList.action",
            "child":[]
      },{
            "menuName":"集团管理",
            "level":"2",
            "menuCode":"M010000007",
            "title":"下属公司信息",
            "link":"/sys/subcompany/subcompany!toSubcompany.action",
            "child":[]
      },{
            "menuName":"供方同步日志",
            "level":"2",
            "menuCode":"M010000009",
            "title":"供方同步日志",
            "link":"/supply/sync/supply-sync!toSyncUpdate.action",
            "child":[]
      },{
            "menuName":"短信日志查询",
            "level":"2",
            "menuCode":"M010000010",
            "title":"短信日志查询",
            "link":"/delegation/delegation!toSnsPage.action",
            "child":[]
      },{
            "menuName":"合同推送日志",
            "level":"2",
            "menuCode":"M010000011",
            "title":"合同推送日志",
            "link":"/contract/contract!toContractPushLog.action",
            "child":[]
      }]
}]]]>
              </value>
            </param>
            <param index="9">
              <value>
                <![CDATA[访问的页面包含menuName值]]>
              </value>
            </param>
            <param index="10">
              <value>
                <![CDATA[你没有访问该页面的权限]]>
              </value>
            </param>
          </params>
          <reporter-output>
            <line>
              <![CDATA[用户[lizhi4]是否有权限访问页面[系统管理：供方同步]【/supply/sync/supply-sync!toSync.action】:true]]>
            </line>
            <line>
              <![CDATA[用户[lizhi4]是否无权限访问页面[系统管理：公告管理]【/ebid/notice/notice-manager!noticeQuery.action】:true]]>
            </line>
            <line>
              <![CDATA[用户[lizhi4]是否无权限访问页面[系统管理：系统通知]【/notice/sys-notice!noticeList.action】:true]]>
            </line>
            <line>
              <![CDATA[用户[lizhi4]是否无权限访问页面[系统管理：业务通知]【/notice/info-notice!noticeList.action】:true]]>
            </line>
            <line>
              <![CDATA[用户[lizhi4]是否无权限访问页面[系统管理：成员管理]【/sys/user/user-manage!queryUserList.action】:true]]>
            </line>
            <line>
              <![CDATA[用户[lizhi4]是否无权限访问页面[系统管理：部门管理]【/sys/dept/plat-dept!goDept.action】:true]]>
            </line>
            <line>
              <![CDATA[用户[lizhi4]是否无权限访问页面[系统管理：角色管理]【/sys/rolemanage/role-manage!toShowRoleList.action】:true]]>
            </line>
            <line>
              <![CDATA[用户[lizhi4]是否无权限访问页面[系统管理：集团管理]【/sys/subcompany/subcompany!toSubcompany.action】:true]]>
            </line>
            <line>
              <![CDATA[用户[lizhi4]是否无权限访问页面[系统管理：供方同步日志]【/supply/sync/supply-sync!toSyncUpdate.action】:true]]>
            </line>
            <line>
              <![CDATA[用户[lizhi4]是否无权限访问页面[系统管理：短信日志查询]【/delegation/delegation!toSnsPage.action】:true]]>
            </line>
            <line>
              <![CDATA[用户[lizhi4]是否无权限访问页面[系统管理：合同推送日志]【/contract/contract!toContractPushLog.action】:true]]>
            </line>
          </reporter-output>
        </test-method> <!-- testDataProvider -->
        <test-method status="PASS" signature="logout()[pri:0, instance:com.auto.selenium.AuthTest@11438d26]" name="logout" is-config="true" duration-ms="694" started-at="2021-04-25T16:21:24Z" finished-at="2021-04-25T16:21:25Z">
          <reporter-output>
          </reporter-output>
        </test-method> <!-- logout -->
        <test-method status="PASS" signature="testDataProvider(java.lang.String, java.lang.String, java.lang.String, java.lang.String, java.lang.String, java.lang.String, java.lang.String, java.lang.String, java.lang.String, java.lang.String, java.lang.String)[pri:0, instance:com.auto.selenium.AuthTest@11438d26]" name="testDataProvider" duration-ms="8351" started-at="2021-04-25T16:21:25Z" data-provider="testData" finished-at="2021-04-25T16:21:33Z">
          <params>
            <param index="0">
              <value>
                <![CDATA[9]]>
              </value>
            </param>
            <param index="1">
              <value>
                <![CDATA[系统管理：仅赋予供方同步日志权限，其余二级页面均不可访问]]>
              </value>
            </param>
            <param index="2">
              <value>
                <![CDATA[daixiaodan]]>
              </value>
            </param>
            <param index="3">
              <value>
                <![CDATA[123463]]>
              </value>
            </param>
            <param index="4">
              <value>
                <![CDATA[lizhi4]]>
              </value>
            </param>
            <param index="5">
              <value>
                <![CDATA[123463.0]]>
              </value>
            </param>
            <param index="6">
              <value>
                <![CDATA[cedarhdrole895080576451616768]]>
              </value>
            </param>
            <param index="7">
              <value>
                <![CDATA[[{
      "menuName":"系统管理",
      "level":"1",
      "menuCode":"M010000000",
      "link":"","title":"",
      "child":[{
            "menuName":"供方同步日志",
            "level":"2",
            "menuCode":"M010000009",
            "title":"供方同步日志",
            "link":"/supply/sync/supply-sync!toSyncUpdate.action",
            "child":[]
      }]
}]]]>
              </value>
            </param>
            <param index="8">
              <value>
                <![CDATA[[{
      "menuName":"系统管理",
      "level":"1",
      "menuCode":"M010000000",
      "title":"",
      "link":"",
      "child":[{
            "menuName":"公告管理",
            "level":"2",
            "menuCode":"M010000001",
            "title":"公告管理",
            "link":"/ebid/notice/notice-manager!noticeQuery.action",
            "child":[]
      },{
            "menuName":"系统通知",
            "level":"2",
            "menuCode":"M010000002",
            "title":"系统通知",
            "link":"/notice/sys-notice!noticeList.action",
            "child":[]
      },{
            "menuName":"业务通知",
            "level":"2",
            "menuCode":"M010000003",
            "title":"业务通知",
            "link":"/notice/info-notice!noticeList.action",
            "child":[]
      },{
            "menuName":"成员管理",
            "level":"2",
            "menuCode":"M010000004",
            "title":"成员管理",
            "link":"/sys/user/user-manage!queryUserList.action",
            "child":[]
      },{
            "menuName":"部门管理",
            "level":"2",
            "menuCode":"M010000005",
            "title":"部门管理",
            "link":"/sys/dept/plat-dept!goDept.action",
            "child":[]
      },{
            "menuName":"角色管理",
            "level":"2",
            "menuCode":"M010000006",
            "title":"角色管理",
            "link":"/sys/rolemanage/role-manage!toShowRoleList.action",
            "child":[]
      },{
            "menuName":"集团管理",
            "level":"2",
            "menuCode":"M010000007",
            "title":"下属公司信息",
            "link":"/sys/subcompany/subcompany!toSubcompany.action",
            "child":[]
      },{
            "menuName":"供方同步",
            "level":"2",
            "menuCode":"M010000008",
            "title":"供方同步",
            "link":"/supply/sync/supply-sync!toSync.action",
            "child":[]
      },{
            "menuName":"短信日志查询",
            "level":"2",
            "menuCode":"M010000010",
            "title":"短信日志查询",
            "link":"/delegation/delegation!toSnsPage.action",
            "child":[]
      },{
            "menuName":"合同推送日志",
            "level":"2",
            "menuCode":"M010000011",
            "title":"合同推送日志",
            "link":"/contract/contract!toContractPushLog.action",
            "child":[]
      }]
}]]]>
              </value>
            </param>
            <param index="9">
              <value>
                <![CDATA[访问的页面包含menuName值]]>
              </value>
            </param>
            <param index="10">
              <value>
                <![CDATA[你没有访问该页面的权限]]>
              </value>
            </param>
          </params>
          <reporter-output>
            <line>
              <![CDATA[用户[lizhi4]是否有权限访问页面[系统管理：供方同步日志]【/supply/sync/supply-sync!toSyncUpdate.action】:true]]>
            </line>
            <line>
              <![CDATA[用户[lizhi4]是否无权限访问页面[系统管理：公告管理]【/ebid/notice/notice-manager!noticeQuery.action】:true]]>
            </line>
            <line>
              <![CDATA[用户[lizhi4]是否无权限访问页面[系统管理：系统通知]【/notice/sys-notice!noticeList.action】:true]]>
            </line>
            <line>
              <![CDATA[用户[lizhi4]是否无权限访问页面[系统管理：业务通知]【/notice/info-notice!noticeList.action】:true]]>
            </line>
            <line>
              <![CDATA[用户[lizhi4]是否无权限访问页面[系统管理：成员管理]【/sys/user/user-manage!queryUserList.action】:true]]>
            </line>
            <line>
              <![CDATA[用户[lizhi4]是否无权限访问页面[系统管理：部门管理]【/sys/dept/plat-dept!goDept.action】:true]]>
            </line>
            <line>
              <![CDATA[用户[lizhi4]是否无权限访问页面[系统管理：角色管理]【/sys/rolemanage/role-manage!toShowRoleList.action】:true]]>
            </line>
            <line>
              <![CDATA[用户[lizhi4]是否无权限访问页面[系统管理：集团管理]【/sys/subcompany/subcompany!toSubcompany.action】:true]]>
            </line>
            <line>
              <![CDATA[用户[lizhi4]是否无权限访问页面[系统管理：供方同步]【/supply/sync/supply-sync!toSync.action】:true]]>
            </line>
            <line>
              <![CDATA[用户[lizhi4]是否无权限访问页面[系统管理：短信日志查询]【/delegation/delegation!toSnsPage.action】:true]]>
            </line>
            <line>
              <![CDATA[用户[lizhi4]是否无权限访问页面[系统管理：合同推送日志]【/contract/contract!toContractPushLog.action】:true]]>
            </line>
          </reporter-output>
        </test-method> <!-- testDataProvider -->
        <test-method status="PASS" signature="logout()[pri:0, instance:com.auto.selenium.AuthTest@11438d26]" name="logout" is-config="true" duration-ms="715" started-at="2021-04-25T16:21:33Z" finished-at="2021-04-25T16:21:34Z">
          <reporter-output>
          </reporter-output>
        </test-method> <!-- logout -->
        <test-method status="PASS" signature="testDataProvider(java.lang.String, java.lang.String, java.lang.String, java.lang.String, java.lang.String, java.lang.String, java.lang.String, java.lang.String, java.lang.String, java.lang.String, java.lang.String)[pri:0, instance:com.auto.selenium.AuthTest@11438d26]" name="testDataProvider" duration-ms="9592" started-at="2021-04-25T16:21:34Z" data-provider="testData" finished-at="2021-04-25T16:21:43Z">
          <params>
            <param index="0">
              <value>
                <![CDATA[10]]>
              </value>
            </param>
            <param index="1">
              <value>
                <![CDATA[系统管理：仅赋予短信日志查询权限，其余二级页面均不可访问]]>
              </value>
            </param>
            <param index="2">
              <value>
                <![CDATA[daixiaodan]]>
              </value>
            </param>
            <param index="3">
              <value>
                <![CDATA[123464]]>
              </value>
            </param>
            <param index="4">
              <value>
                <![CDATA[lizhi4]]>
              </value>
            </param>
            <param index="5">
              <value>
                <![CDATA[123464.0]]>
              </value>
            </param>
            <param index="6">
              <value>
                <![CDATA[cedarhdrole895080576451616768]]>
              </value>
            </param>
            <param index="7">
              <value>
                <![CDATA[[{
      "menuName":"系统管理",
      "level":"1",
      "menuCode":"M010000000",
      "link":"","title":"",
      "child":[{
            "menuName":"短信日志查询",
            "level":"2",
            "menuCode":"M010000010",
            "title":"短信日志查询",
            "link":"/delegation/delegation!toSnsPage.action",
            "child":[]
      }]
}]]]>
              </value>
            </param>
            <param index="8">
              <value>
                <![CDATA[[{
      "menuName":"系统管理",
      "level":"1",
      "menuCode":"M010000000",
      "title":"",
      "link":"",
      "child":[{
            "menuName":"公告管理",
            "level":"2",
            "menuCode":"M010000001",
            "title":"公告管理",
            "link":"/ebid/notice/notice-manager!noticeQuery.action",
            "child":[]
      },{
            "menuName":"系统通知",
            "level":"2",
            "menuCode":"M010000002",
            "title":"系统通知",
            "link":"/notice/sys-notice!noticeList.action",
            "child":[]
      },{
            "menuName":"业务通知",
            "level":"2",
            "menuCode":"M010000003",
            "title":"业务通知",
            "link":"/notice/info-notice!noticeList.action",
            "child":[]
      },{
            "menuName":"成员管理",
            "level":"2",
            "menuCode":"M010000004",
            "title":"成员管理",
            "link":"/sys/user/user-manage!queryUserList.action",
            "child":[]
      },{
            "menuName":"部门管理",
            "level":"2",
            "menuCode":"M010000005",
            "title":"部门管理",
            "link":"/sys/dept/plat-dept!goDept.action",
            "child":[]
      },{
            "menuName":"角色管理",
            "level":"2",
            "menuCode":"M010000006",
            "title":"角色管理",
            "link":"/sys/rolemanage/role-manage!toShowRoleList.action",
            "child":[]
      },{
            "menuName":"集团管理",
            "level":"2",
            "menuCode":"M010000007",
            "title":"下属公司信息",
            "link":"/sys/subcompany/subcompany!toSubcompany.action",
            "child":[]
      },{
            "menuName":"供方同步",
            "level":"2",
            "menuCode":"M010000008",
            "title":"供方同步",
            "link":"/supply/sync/supply-sync!toSync.action",
            "child":[]
      },{
            "menuName":"供方同步日志",
            "level":"2",
            "menuCode":"M010000009",
            "title":"供方同步日志",
            "link":"/supply/sync/supply-sync!toSyncUpdate.action",
            "child":[]
      },{
            "menuName":"合同推送日志",
            "level":"2",
            "menuCode":"M010000011",
            "title":"合同推送日志",
            "link":"/contract/contract!toContractPushLog.action",
            "child":[]
      }]
}]]]>
              </value>
            </param>
            <param index="9">
              <value>
                <![CDATA[访问的页面包含menuName值]]>
              </value>
            </param>
            <param index="10">
              <value>
                <![CDATA[你没有访问该页面的权限]]>
              </value>
            </param>
          </params>
          <reporter-output>
            <line>
              <![CDATA[用户[lizhi4]是否有权限访问页面[系统管理：短信日志查询]【/delegation/delegation!toSnsPage.action】:true]]>
            </line>
            <line>
              <![CDATA[用户[lizhi4]是否无权限访问页面[系统管理：公告管理]【/ebid/notice/notice-manager!noticeQuery.action】:true]]>
            </line>
            <line>
              <![CDATA[用户[lizhi4]是否无权限访问页面[系统管理：系统通知]【/notice/sys-notice!noticeList.action】:true]]>
            </line>
            <line>
              <![CDATA[用户[lizhi4]是否无权限访问页面[系统管理：业务通知]【/notice/info-notice!noticeList.action】:true]]>
            </line>
            <line>
              <![CDATA[用户[lizhi4]是否无权限访问页面[系统管理：成员管理]【/sys/user/user-manage!queryUserList.action】:true]]>
            </line>
            <line>
              <![CDATA[用户[lizhi4]是否无权限访问页面[系统管理：部门管理]【/sys/dept/plat-dept!goDept.action】:true]]>
            </line>
            <line>
              <![CDATA[用户[lizhi4]是否无权限访问页面[系统管理：角色管理]【/sys/rolemanage/role-manage!toShowRoleList.action】:true]]>
            </line>
            <line>
              <![CDATA[用户[lizhi4]是否无权限访问页面[系统管理：集团管理]【/sys/subcompany/subcompany!toSubcompany.action】:true]]>
            </line>
            <line>
              <![CDATA[用户[lizhi4]是否无权限访问页面[系统管理：供方同步]【/supply/sync/supply-sync!toSync.action】:true]]>
            </line>
            <line>
              <![CDATA[用户[lizhi4]是否无权限访问页面[系统管理：供方同步日志]【/supply/sync/supply-sync!toSyncUpdate.action】:true]]>
            </line>
            <line>
              <![CDATA[用户[lizhi4]是否无权限访问页面[系统管理：合同推送日志]【/contract/contract!toContractPushLog.action】:true]]>
            </line>
          </reporter-output>
        </test-method> <!-- testDataProvider -->
        <test-method status="PASS" signature="logout()[pri:0, instance:com.auto.selenium.AuthTest@11438d26]" name="logout" is-config="true" duration-ms="887" started-at="2021-04-25T16:21:43Z" finished-at="2021-04-25T16:21:44Z">
          <reporter-output>
          </reporter-output>
        </test-method> <!-- logout -->
        <test-method status="PASS" signature="testDataProvider(java.lang.String, java.lang.String, java.lang.String, java.lang.String, java.lang.String, java.lang.String, java.lang.String, java.lang.String, java.lang.String, java.lang.String, java.lang.String)[pri:0, instance:com.auto.selenium.AuthTest@11438d26]" name="testDataProvider" duration-ms="9654" started-at="2021-04-25T16:21:44Z" data-provider="testData" finished-at="2021-04-25T16:21:54Z">
          <params>
            <param index="0">
              <value>
                <![CDATA[11]]>
              </value>
            </param>
            <param index="1">
              <value>
                <![CDATA[系统管理：仅赋予合同推送日志权限，其余二级页面均不可访问]]>
              </value>
            </param>
            <param index="2">
              <value>
                <![CDATA[daixiaodan]]>
              </value>
            </param>
            <param index="3">
              <value>
                <![CDATA[123465]]>
              </value>
            </param>
            <param index="4">
              <value>
                <![CDATA[lizhi4]]>
              </value>
            </param>
            <param index="5">
              <value>
                <![CDATA[123465.0]]>
              </value>
            </param>
            <param index="6">
              <value>
                <![CDATA[cedarhdrole895080576451616768]]>
              </value>
            </param>
            <param index="7">
              <value>
                <![CDATA[[{
      "menuName":"系统管理",
      "level":"1",
      "menuCode":"M010000000",
      "link":"","title":"",
      "child":[{
            "menuName":"合同推送日志",
            "level":"2",
            "menuCode":"M010000011",
            "title":"合同推送日志",
            "link":"/contract/contract!toContractPushLog.action",
            "child":[]
      }]
}]]]>
              </value>
            </param>
            <param index="8">
              <value>
                <![CDATA[[{
      "menuName":"系统管理",
      "level":"1",
      "menuCode":"M010000000",
      "title":"",
      "link":"",
      "child":[{
            "menuName":"公告管理",
            "level":"2",
            "menuCode":"M010000001",
            "title":"公告管理",
            "link":"/ebid/notice/notice-manager!noticeQuery.action",
            "child":[]
      },{
            "menuName":"系统通知",
            "level":"2",
            "menuCode":"M010000002",
            "title":"系统通知",
            "link":"/notice/sys-notice!noticeList.action",
            "child":[]
      },{
            "menuName":"业务通知",
            "level":"2",
            "menuCode":"M010000003",
            "title":"业务通知",
            "link":"/notice/info-notice!noticeList.action",
            "child":[]
      },{
            "menuName":"成员管理",
            "level":"2",
            "menuCode":"M010000004",
            "title":"成员管理",
            "link":"/sys/user/user-manage!queryUserList.action",
            "child":[]
      },{
            "menuName":"部门管理",
            "level":"2",
            "menuCode":"M010000005",
            "title":"部门管理",
            "link":"/sys/dept/plat-dept!goDept.action",
            "child":[]
      },{
            "menuName":"角色管理",
            "level":"2",
            "menuCode":"M010000006",
            "title":"角色管理",
            "link":"/sys/rolemanage/role-manage!toShowRoleList.action",
            "child":[]
      },{
            "menuName":"集团管理",
            "level":"2",
            "menuCode":"M010000007",
            "title":"下属公司信息",
            "link":"/sys/subcompany/subcompany!toSubcompany.action",
            "child":[]
      },{
            "menuName":"供方同步",
            "level":"2",
            "menuCode":"M010000008",
            "title":"供方同步",
            "link":"/supply/sync/supply-sync!toSync.action",
            "child":[]
      },{
            "menuName":"供方同步日志",
            "level":"2",
            "menuCode":"M010000009",
            "title":"供方同步日志",
            "link":"/supply/sync/supply-sync!toSyncUpdate.action",
            "child":[]
      },{
            "menuName":"短信日志查询",
            "level":"2",
            "menuCode":"M010000010",
            "title":"短信日志查询",
            "link":"/delegation/delegation!toSnsPage.action",
            "child":[]
      }]
}]]]>
              </value>
            </param>
            <param index="9">
              <value>
                <![CDATA[访问的页面包含menuName值]]>
              </value>
            </param>
            <param index="10">
              <value>
                <![CDATA[你没有访问该页面的权限]]>
              </value>
            </param>
          </params>
          <reporter-output>
            <line>
              <![CDATA[用户[lizhi4]是否有权限访问页面[系统管理：合同推送日志]【/contract/contract!toContractPushLog.action】:true]]>
            </line>
            <line>
              <![CDATA[用户[lizhi4]是否无权限访问页面[系统管理：公告管理]【/ebid/notice/notice-manager!noticeQuery.action】:true]]>
            </line>
            <line>
              <![CDATA[用户[lizhi4]是否无权限访问页面[系统管理：系统通知]【/notice/sys-notice!noticeList.action】:true]]>
            </line>
            <line>
              <![CDATA[用户[lizhi4]是否无权限访问页面[系统管理：业务通知]【/notice/info-notice!noticeList.action】:true]]>
            </line>
            <line>
              <![CDATA[用户[lizhi4]是否无权限访问页面[系统管理：成员管理]【/sys/user/user-manage!queryUserList.action】:true]]>
            </line>
            <line>
              <![CDATA[用户[lizhi4]是否无权限访问页面[系统管理：部门管理]【/sys/dept/plat-dept!goDept.action】:true]]>
            </line>
            <line>
              <![CDATA[用户[lizhi4]是否无权限访问页面[系统管理：角色管理]【/sys/rolemanage/role-manage!toShowRoleList.action】:true]]>
            </line>
            <line>
              <![CDATA[用户[lizhi4]是否无权限访问页面[系统管理：集团管理]【/sys/subcompany/subcompany!toSubcompany.action】:true]]>
            </line>
            <line>
              <![CDATA[用户[lizhi4]是否无权限访问页面[系统管理：供方同步]【/supply/sync/supply-sync!toSync.action】:true]]>
            </line>
            <line>
              <![CDATA[用户[lizhi4]是否无权限访问页面[系统管理：供方同步日志]【/supply/sync/supply-sync!toSyncUpdate.action】:true]]>
            </line>
            <line>
              <![CDATA[用户[lizhi4]是否无权限访问页面[系统管理：短信日志查询]【/delegation/delegation!toSnsPage.action】:true]]>
            </line>
          </reporter-output>
        </test-method> <!-- testDataProvider -->
        <test-method status="PASS" signature="logout()[pri:0, instance:com.auto.selenium.AuthTest@11438d26]" name="logout" is-config="true" duration-ms="835" started-at="2021-04-25T16:21:54Z" finished-at="2021-04-25T16:21:55Z">
          <reporter-output>
          </reporter-output>
        </test-method> <!-- logout -->
        <test-method status="PASS" signature="end()[pri:0, instance:com.auto.selenium.AuthTest@11438d26]" name="end" is-config="true" duration-ms="1889" started-at="2021-04-25T16:21:55Z" finished-at="2021-04-25T16:21:57Z">
          <reporter-output>
          </reporter-output>
        </test-method> <!-- end -->
      </class> <!-- com.auto.selenium.AuthTest -->
    </test> <!-- test1 -->
  </suite> <!-- Suite1 -->
</testng-results>
